
--- Job scheduling.gms Start 06/17/21 21:22:04 35.1.0 r82a9585 DEX-DEG x86 64bit/Mac OS X
--- Applying:
    /Library/Frameworks/GAMS.framework/Versions/35/Resources/gmsprmun.txt
--- GAMS Parameters defined
    Input /Users/joseangelvelasco/Documents/GAMS/Studio/blending/scheduling.gms
    PageSize 0
    ScrDir /Users/joseangelvelasco/Documents/GAMS/Studio/blending/225a/
    SysDir /Library/Frameworks/GAMS.framework/Versions/35/Resources/
    LogOption 3
    ErrMsg 1
    ErrorLog 99
    IDE 1
    LstTitleLeftAligned 1
Licensee: GAMS Demo license for Jose Angel Rodriguez     G210527|0002CO-GEN
          UC3M, Spain                                              DL042150
          /Library/Frameworks/GAMS.framework/Versions/35/Resources/gamslice.txt
          100328928@alumnos.uc3m.es, Jose Angel Rodriguez                  
          Demo license for demonstration and instructional purposes only
GAMS 35.1.0   Copyright (C) 1987-2021 GAMS Development. All rights reserved
--- Starting compilation
--- scheduling.gms(72) 3 Mb
--- Starting execution: elapsed 0:00:00.004
--- scheduling.gms(69) 4 Mb
--- Generating MINLP model scheduling
--- scheduling.gms(72) 6 Mb
---   33 rows  49 columns  103 non-zeroes
---   161 nl-code  78 nl-non-zeroes
---   16 discrete-columns
--- scheduling.gms(72) 4 Mb
--- Executing DICOPT (Solvelink=2): elapsed 0:00:00.010
-------------------------------------------------------------------------------
Dicopt 2         35.1.0 r82a9585 Released Apr 29, 2021 DEG x86 64bit/Mac OS X 
-------------------------------------------------------------------------------
by Aldo Vecchietti, Director del Instituto INGAR,
   CONICET, UTN, Santa Fe, Argentina
by Ignacio E. Grossmann, Chemical Engineering Faculty,
   Carnegie Mellon University, Pittsburgh, PA, USA
-------------------------------------------------------------------------------
*** This solver runs with a demo license. No commercial use.
--- DICOPT: Starting major iteration 1
--- DICOPT: Setting up first (relaxed) NLP.

CONOPT 3         35.1.0 r82a9585 Released Apr 29, 2021 DEG x86 64bit/Mac OS X 

--- *** This solver runs with a demo license. No commercial use.
 
 
    C O N O P T 3   version 3.17K
    Copyright (C)   ARKI Consulting and Development A/S
                    Bagsvaerdvej 246 A
                    DK-2880 Bagsvaerd, Denmark
 
 
   Iter Phase Ninf   Infeasibility   RGmax    NSB   Step InItr MX OK
      0   0        1.3000000000E+04 (Input point)
 
                   Pre-triangular equations:   1
                   Post-triangular equations:  1
                   Definitional equations:     7
 
      1   0        1.3000000000E+04 (After pre-processing)
      2   0        1.5136718750E+01 (After scaling)
 
 ** Feasible solution. Value of objective =    0.00000000000
 
   Iter Phase Ninf     Objective     RGmax    NSB   Step InItr MX OK
      3   3        0.0000000000E+00 0.0E+00     9
 
 ** Optimal solution. Reduced gradient less than tolerance.
 
--- DICOPT: Setting up first MIP
--- DICOPT: Relaxed NLP gives integer solution

      The Relaxed NLP gave a solution where all the integer
      variables have integral values. There is no need to
      to continue the search.

--- Reading solution for model scheduling
*** Status: Normal completion
--- Job scheduling.gms Stop 06/17/21 21:22:04 elapsed 0:00:00.046
