--- Job economics.gms Start 06/07/21 17:43:09 35.1.0 r82a9585 DEX-DEG x86 64bit/Mac OS X
--- Applying:
    /Library/Frameworks/GAMS.framework/Versions/35/Resources/gmsprmun.txt
--- GAMS Parameters defined
    Input /Users/joseangelvelasco/Documents/GAMS/Studio/economics/economics.gms
    PageSize 0
    ScrDir /Users/joseangelvelasco/Documents/GAMS/Studio/economics/225a/
    SysDir /Library/Frameworks/GAMS.framework/Versions/35/Resources/
    LogOption 3
    ErrMsg 1
    ErrorLog 99
    IDE 1
    LstTitleLeftAligned 1
Licensee: GAMS Demo license for Jose Angel Rodriguez     G210527|0002CO-GEN
          UC3M, Spain                                              DL042150
          /Library/Frameworks/GAMS.framework/Versions/35/Resources/gamslice.txt
          100328928@alumnos.uc3m.es, Jose Angel Rodriguez                  
          Demo license for demonstration and instructional purposes only
GAMS 35.1.0   Copyright (C) 1987-2021 GAMS Development. All rights reserved
--- Starting compilation
--- economics.gms(72) 3 Mb
--- Starting execution: elapsed 0:00:00.003
--- economics.gms(48) 4 Mb
--- Generating NLP model economics
--- economics.gms(72) 6 Mb
---   5 rows  7 columns  16 non-zeroes
---   40 nl-code  9 nl-non-zeroes
--- economics.gms(72) 4 Mb
--- Executing CONOPT (Solvelink=2): elapsed 0:00:00.005

CONOPT 3         35.1.0 r82a9585 Released Apr 29, 2021 DEG x86 64bit/Mac OS X 

--- *** This solver runs with a demo license. No commercial use.
 
 
    C O N O P T 3   version 3.17K
    Copyright (C)   ARKI Consulting and Development A/S
                    Bagsvaerdvej 246 A
                    DK-2880 Bagsvaerd, Denmark
 
 
   Iter Phase Ninf   Infeasibility   RGmax    NSB   Step InItr MX OK
      0   0        1.4970000000E+03 (Input point)
 
                   Pre-triangular equations:   0
                   Post-triangular equations:  5
 
      1   0        0.0000000000E+00 (After pre-processing)
      2   0        0.0000000000E+00 (After scaling)
 
 ** Feasible solution. Value of objective =    431.080582302
 
   Iter Phase Ninf     Objective     RGmax    NSB   Step InItr MX OK
      6   4        4.4737897882E+02 3.1E-03     2 1.0E+00    2 F  T
      9   4        4.4737971086E+02 3.0E-09     2
 
 ** Optimal solution. Reduced gradient less than tolerance.
 
--- Reading solution for model economics
*** Status: Normal completion
--- Job economics.gms Stop 06/07/21 17:43:09 elapsed 0:00:00.042
